2024-11-26 14:14:20,253 - INFO - Starting data processing...
2024-11-26 14:14:20,253 - INFO - Initializing Spark session...
2024-11-26 14:14:22,689 - INFO - Spark session initialized.
2024-11-26 14:14:22,689 - INFO - Loading data...
2024-11-26 14:14:23,948 - INFO - Data loaded and converted to Spark DataFrame.
2024-11-26 14:14:23,948 - INFO - Loading shared matrix...
2024-11-26 14:14:31,118 - INFO - Shared matrix of shape (2000, 2000, 3) loaded.
2024-11-26 14:14:31,118 - INFO - Creating pairwise DataFrame...
2024-11-26 14:14:42,759 - INFO - Pairwise DataFrame created.
2024-11-26 14:14:42,760 - INFO - Joining DataFrames...
2024-11-26 14:14:42,931 - INFO - DataFrames joined successfully.
2024-11-26 14:14:42,931 - INFO - Normalizing features...
2024-11-26 14:14:57,413 - INFO - Normalized CandidateMovie_log_popularity into normalized_CandidateMovie_log_popularity.
2024-11-26 14:15:41,746 - INFO - Normalized CandidateMovie_vote_count into normalized_CandidateMovie_vote_count.
2024-11-26 14:15:56,662 - INFO - Normalized shared_genres into normalized_shared_genres.
2024-11-26 14:16:09,970 - INFO - Normalized shared_actors into normalized_shared_actors.
2024-11-26 14:16:24,977 - INFO - Normalized shared_directors into normalized_shared_directors.
2024-11-26 14:16:24,980 - INFO - Data processing completed.
2024-11-26 14:17:04,762 - INFO - Saving final dataset to data/training_data/final_processed_data.csv...
2024-11-26 14:17:50,003 - INFO - Final dataset saved successfully!
2024-11-26 14:17:50,040 - INFO - Closing down clientserver connection
2024-11-26 14:21:15,645 - INFO - Starting data processing...
2024-11-26 14:21:15,646 - INFO - Initializing Spark session...
2024-11-26 14:21:18,040 - INFO - Spark session initialized.
2024-11-26 14:21:18,040 - INFO - Loading data...
2024-11-26 14:21:19,615 - INFO - Data loaded and converted to Spark DataFrame.
2024-11-26 14:21:19,616 - INFO - Loading shared matrix...
2024-11-26 14:21:26,989 - INFO - Shared matrix of shape (2000, 2000, 3) loaded.
2024-11-26 14:21:26,991 - INFO - Creating pairwise DataFrame...
2024-11-26 14:21:38,881 - INFO - Pairwise DataFrame created.
2024-11-26 14:21:38,881 - INFO - Joining DataFrames...
2024-11-26 14:21:39,075 - INFO - DataFrames joined successfully.
2024-11-26 14:21:39,076 - INFO - Normalizing features...
2024-11-26 14:21:55,706 - INFO - Normalized CandidateMovie_log_popularity into normalized_CandidateMovie_log_popularity.
2024-11-26 14:22:08,468 - INFO - Normalized CandidateMovie_vote_count into normalized_CandidateMovie_vote_count.
2024-11-26 14:22:25,439 - INFO - Normalized shared_genres into normalized_shared_genres.
2024-11-26 14:22:39,031 - INFO - Normalized shared_actors into normalized_shared_actors.
2024-11-26 14:22:56,367 - INFO - Normalized shared_directors into normalized_shared_directors.
2024-11-26 14:22:56,367 - INFO - Data processing completed.
2024-11-26 14:37:19,510 - INFO - Saving final dataset to data/training_data/final_processed_data.csv...
2024-11-26 14:39:44,041 - INFO - Final dataset saved successfully!
2024-11-26 14:39:44,051 - INFO - Closing down clientserver connection
